Arguments: 
  /usr/bin/node /usr/share/yarn/bin/yarn.js add nodemon -g

PATH: 
  /home/nikishiro/Рабочий стол/w/3/node_modules/.bin:/usr/local/sbin:/usr/local/bin:/usr/sbin:/usr/bin:/sbin:/bin:/usr/games:/usr/local/games:/snap/bin

Yarn version: 
  1.22.5

Node version: 
  10.19.0

Platform: 
  linux x64

Trace: 
  Error: getaddrinfo EAI_AGAIN registry.yarnpkg.com registry.yarnpkg.com:443
      at GetAddrInfoReqWrap.onlookup [as oncomplete] (dns.js:56:26)

npm manifest: 
  {
    "name": "server",
    "version": "1.0.0",
    "main": "index.js",
    "license": "MIT",
    "scripts": {
      "server": "tsc -w nodemon index"
    }
  }

yarn manifest: 
  No manifest

Lockfile: 
  No lockfile
